02:14:49.465 [main] INFO  utils.Log - Called method <waitForElementToBeClickable> on element with locator :By.linkText: My account
02:14:49.618 [main] INFO  utils.Log - called method <Click()> on element :<a href="https://keyfood.ro/my-account-2/">My account</a>
02:14:50.811 [main] INFO  utils.Log - Called method <waitForElementToBeVisible> on element with locator :By.id: username
02:14:50.881 [main] INFO  utils.Log - called clear on method<sendKeys> on element <input type="text" class="woocommerce-Input woocommerce-Input--text input-text" name="username" id="username" autocomplete="username" value="">
02:14:50.932 [main] INFO  utils.Log - called sendKeys on method<sendKeys> on element <input type="text" class="woocommerce-Input woocommerce-Input--text input-text" name="username" id="username" autocomplete="username" value="">
02:14:50.994 [main] INFO  utils.Log - Called method <waitForElementToBeVisible> on element with locator :By.id: password
02:14:51.047 [main] INFO  utils.Log - called clear on method<sendKeys> on element <input class="woocommerce-Input woocommerce-Input--text input-text" type="password" name="password" id="password" autocomplete="current-password">
02:14:51.093 [main] INFO  utils.Log - called sendKeys on method<sendKeys> on element <input class="woocommerce-Input woocommerce-Input--text input-text" type="password" name="password" id="password" autocomplete="current-password">
02:14:51.152 [main] INFO  utils.Log - Called method <waitForElementToBeClickable> on element with locator :By.cssSelector: button[name='login']
02:14:51.211 [main] INFO  utils.Log - called method <Click()> on element :<button type="submit" class="woocommerce-button button woocommerce-form-login__submit" name="login" value="Log in">Log in</button>
02:14:52.648 [main] INFO  utils.Log - Called method <waitForElementToBeVisible> on element with locator :By.id: dgwt-wcas-search-input-1
02:14:52.701 [main] INFO  utils.Log - called clear on method<sendKeys> on element <input id="dgwt-wcas-search-input-1" type="search" class="dgwt-wcas-search-input" name="s" value="" placeholder="Search for products..." autocomplete="off">
02:14:52.747 [main] INFO  utils.Log - called sendKeys on method<sendKeys> on element <input id="dgwt-wcas-search-input-1" type="search" class="dgwt-wcas-search-input" name="s" value="" placeholder="Search for products..." autocomplete="off">
02:14:52.821 [main] INFO  utils.Log - calling method <sendEnter>
02:14:54.082 [main] INFO  utils.Log - Called method <waitForElementToBeClickable> on element with locator :By.cssSelector: button[name='add-to-cart']
02:14:54.151 [main] INFO  utils.Log - called method <Click()> on element :<button type="submit" name="add-to-cart" value="270" class="single_add_to_cart_button button alt">Add to cart</button>
02:14:54.850 [main] INFO  utils.Log - Called method <waitForElementToBeClickable> on element with locator :By.linkText: CART
02:14:54.950 [main] INFO  utils.Log - called method <Click()> on element :<a href="https://keyfood.ro/cart-2/">Cart</a>
02:14:55.527 [main] INFO  utils.Log - Called method <waitForElementToBeClickable> on element with locator :By.xpath: //i[@class='klbth-icon-plus']
02:14:55.592 [main] INFO  utils.Log - called method <Click()> on element :<i class="klbth-icon-plus"></i>
