02:37:45.275 [main] INFO  utils.Log - Called method <waitForElementToBeClickable> on element with locator :By.linkText: My account
02:37:45.439 [main] INFO  utils.Log - called method <Click()> on element :<a href="https://keyfood.ro/my-account-2/">My account</a>
02:37:46.559 [main] INFO  utils.Log - Called method <waitForElementToBeVisible> on element with locator :By.id: username
02:37:46.627 [main] INFO  utils.Log - called clear on method<sendKeys> on element <input type="text" class="woocommerce-Input woocommerce-Input--text input-text" name="username" id="username" autocomplete="username" value="">
02:37:46.672 [main] INFO  utils.Log - called sendKeys on method<sendKeys> on element <input type="text" class="woocommerce-Input woocommerce-Input--text input-text" name="username" id="username" autocomplete="username" value="">
02:37:46.728 [main] INFO  utils.Log - Called method <waitForElementToBeVisible> on element with locator :By.id: password
02:37:46.779 [main] INFO  utils.Log - called clear on method<sendKeys> on element <input class="woocommerce-Input woocommerce-Input--text input-text" type="password" name="password" id="password" autocomplete="current-password">
02:37:46.824 [main] INFO  utils.Log - called sendKeys on method<sendKeys> on element <input class="woocommerce-Input woocommerce-Input--text input-text" type="password" name="password" id="password" autocomplete="current-password">
02:37:46.879 [main] INFO  utils.Log - Called method <waitForElementToBeClickable> on element with locator :By.cssSelector: button[name='login']
02:37:46.936 [main] INFO  utils.Log - called method <Click()> on element :<button type="submit" class="woocommerce-button button woocommerce-form-login__submit" name="login" value="Log in">Log in</button>
02:37:48.321 [main] INFO  utils.Log - Called method <waitForElementToBeVisible> on element with locator :By.id: dgwt-wcas-search-input-1
02:37:48.374 [main] INFO  utils.Log - called clear on method<sendKeys> on element <input id="dgwt-wcas-search-input-1" type="search" class="dgwt-wcas-search-input" name="s" value="" placeholder="Search for products..." autocomplete="off">
02:37:48.421 [main] INFO  utils.Log - called sendKeys on method<sendKeys> on element <input id="dgwt-wcas-search-input-1" type="search" class="dgwt-wcas-search-input" name="s" value="" placeholder="Search for products..." autocomplete="off">
02:37:48.495 [main] INFO  utils.Log - calling method <sendEnter>
02:37:49.790 [main] INFO  utils.Log - Called method <waitForElementToBeClickable> on element with locator :By.cssSelector: button[name='add-to-cart']
02:37:49.856 [main] INFO  utils.Log - called method <Click()> on element :<button type="submit" name="add-to-cart" value="270" class="single_add_to_cart_button button alt">Add to cart</button>
02:37:50.527 [main] INFO  utils.Log - Called method <waitForElementToBeClickable> on element with locator :By.linkText: CART
02:37:50.628 [main] INFO  utils.Log - called method <Click()> on element :<a href="https://keyfood.ro/cart-2/">Cart</a>
02:37:51.162 [main] INFO  utils.Log - Called method <waitForElementToBeClickable> on element with locator :By.xpath: //i[@class='klbth-icon-plus']
02:37:51.226 [main] INFO  utils.Log - called method <Click()> on element :<i class="klbth-icon-plus"></i>
