23:39:54.823 [main] INFO  utils.Log - Called method <waitForElementToBeClickable> on element with locator :By.linkText: My account
23:39:54.993 [main] INFO  utils.Log - called method <Click()> on element :<a href="https://keyfood.ro/my-account-2/">My account</a>
23:39:55.516 [main] INFO  utils.Log - Called method <waitForElementToBeVisible> on element with locator :By.id: username
23:39:55.583 [main] INFO  utils.Log - called clear on method<sendKeys> on element <input type="text" class="woocommerce-Input woocommerce-Input--text input-text" name="username" id="username" autocomplete="username" value="">
23:39:55.625 [main] INFO  utils.Log - called sendKeys on method<sendKeys> on element <input type="text" class="woocommerce-Input woocommerce-Input--text input-text" name="username" id="username" autocomplete="username" value="">
23:39:55.679 [main] INFO  utils.Log - Called method <waitForElementToBeVisible> on element with locator :By.id: password
23:39:55.729 [main] INFO  utils.Log - called clear on method<sendKeys> on element <input class="woocommerce-Input woocommerce-Input--text input-text" type="password" name="password" id="password" autocomplete="current-password">
23:39:55.772 [main] INFO  utils.Log - called sendKeys on method<sendKeys> on element <input class="woocommerce-Input woocommerce-Input--text input-text" type="password" name="password" id="password" autocomplete="current-password">
23:39:55.836 [main] INFO  utils.Log - Called method <waitForElementToBeClickable> on element with locator :By.cssSelector: button[name='login']
23:39:55.896 [main] INFO  utils.Log - called method <Click()> on element :<button type="submit" class="woocommerce-button button woocommerce-form-login__submit" name="login" value="Log in">Log in</button>
23:39:56.616 [main] INFO  utils.Log - Called method <waitForElementToBeVisible> on element with locator :By.id: dgwt-wcas-search-input-1
23:39:56.668 [main] INFO  utils.Log - called clear on method<sendKeys> on element <input id="dgwt-wcas-search-input-1" type="search" class="dgwt-wcas-search-input" name="s" value="" placeholder="Search for products..." autocomplete="off">
23:39:56.712 [main] INFO  utils.Log - called sendKeys on method<sendKeys> on element <input id="dgwt-wcas-search-input-1" type="search" class="dgwt-wcas-search-input" name="s" value="" placeholder="Search for products..." autocomplete="off">
23:39:56.785 [main] INFO  utils.Log - calling method <sendEnter>
23:39:57.820 [main] INFO  utils.Log - Called method <waitForElementToBeClickable> on element with locator :By.cssSelector: button[name='add-to-cart']
23:39:57.883 [main] INFO  utils.Log - called method <Click()> on element :<button type="submit" name="add-to-cart" value="270" class="single_add_to_cart_button button alt">Add to cart</button>
23:39:58.487 [main] INFO  utils.Log - Called method <waitForElementToBeClickable> on element with locator :By.linkText: CART
23:39:58.583 [main] INFO  utils.Log - called method <Click()> on element :<a href="https://keyfood.ro/cart-2/">Cart</a>
23:39:59.068 [main] INFO  utils.Log - Called method <waitForElementToBeClickable> on element with locator :By.xpath: //i[@class='klbth-icon-plus']
23:39:59.128 [main] INFO  utils.Log - called method <Click()> on element :<i class="klbth-icon-plus"></i>
23:40:00.876 [main] INFO  utils.Log - Called method <waitForElementToBeClickable> on element with locator :By.linkText: Proceed to checkout
23:40:00.980 [main] INFO  utils.Log - called method <Click()> on element :<a href="https://keyfood.ro/checkout-2/" class="checkout-button button alt wc-forward">
	Proceed to checkout</a>
23:40:01.631 [main] INFO  utils.Log - Called method <waitForElementToBeVisible> on element with locator :By.id: billing_first_name
23:40:02.389 [main] INFO  utils.Log - Called method <waitForElementToBeClickable> on element with locator :By.id: terms
23:40:02.440 [main] INFO  utils.Log - called method <Click()> on element :<input type="checkbox" class="woocommerce-form__input woocommerce-form__input-checkbox input-checkbox" name="terms" id="terms">
23:40:02.485 [main] INFO  utils.Log - Called method <waitForElementToBeClickable> on element with locator :By.id: place_order
23:40:02.541 [main] INFO  utils.Log - called method <Click()> on element :<button type="submit" class="button alt" name="woocommerce_checkout_place_order" id="place_order" value="Place order" data-value="Place order">Place order</button>
