02:02:35.773 [main] INFO  utils.Log - Called method <waitForElementToBeClickable> on element with locator :By.linkText: My account
02:02:35.913 [main] INFO  utils.Log - called method <Click()> on element :<a href="https://keyfood.ro/my-account-2/">My account</a>
02:02:37.045 [main] INFO  utils.Log - Called method <waitForElementToBeVisible> on element with locator :By.id: username
02:02:37.109 [main] INFO  utils.Log - called clear on method<sendKeys> on element <input type="text" class="woocommerce-Input woocommerce-Input--text input-text" name="username" id="username" autocomplete="username" value="">
02:02:37.154 [main] INFO  utils.Log - called sendKeys on method<sendKeys> on element <input type="text" class="woocommerce-Input woocommerce-Input--text input-text" name="username" id="username" autocomplete="username" value="">
02:02:37.210 [main] INFO  utils.Log - Called method <waitForElementToBeVisible> on element with locator :By.id: password
02:02:37.269 [main] INFO  utils.Log - called clear on method<sendKeys> on element <input class="woocommerce-Input woocommerce-Input--text input-text" type="password" name="password" id="password" autocomplete="current-password">
02:02:37.317 [main] INFO  utils.Log - called sendKeys on method<sendKeys> on element <input class="woocommerce-Input woocommerce-Input--text input-text" type="password" name="password" id="password" autocomplete="current-password">
02:02:37.378 [main] INFO  utils.Log - Called method <waitForElementToBeClickable> on element with locator :By.cssSelector: button[name='login']
02:02:37.430 [main] INFO  utils.Log - called method <Click()> on element :<button type="submit" class="woocommerce-button button woocommerce-form-login__submit" name="login" value="Log in">Log in</button>
02:02:38.878 [main] INFO  utils.Log - Called method <waitForElementToBeVisible> on element with locator :By.id: dgwt-wcas-search-input-1
02:02:38.929 [main] INFO  utils.Log - called clear on method<sendKeys> on element <input id="dgwt-wcas-search-input-1" type="search" class="dgwt-wcas-search-input" name="s" value="" placeholder="Search for products..." autocomplete="off">
02:02:38.975 [main] INFO  utils.Log - called sendKeys on method<sendKeys> on element <input id="dgwt-wcas-search-input-1" type="search" class="dgwt-wcas-search-input" name="s" value="" placeholder="Search for products..." autocomplete="off">
02:02:39.049 [main] INFO  utils.Log - calling method <sendEnter>
02:02:40.279 [main] INFO  utils.Log - Called method <waitForElementToBeClickable> on element with locator :By.cssSelector: button[name='add-to-cart']
02:02:40.347 [main] INFO  utils.Log - called method <Click()> on element :<button type="submit" name="add-to-cart" value="270" class="single_add_to_cart_button button alt">Add to cart</button>
02:02:40.979 [main] INFO  utils.Log - Called method <waitForElementToBeClickable> on element with locator :By.linkText: CART
02:02:41.094 [main] INFO  utils.Log - called method <Click()> on element :<a href="https://keyfood.ro/cart-2/">Cart</a>
02:02:41.606 [main] INFO  utils.Log - Called method <waitForElementToBeClickable> on element with locator :By.xpath: //i[@class='klbth-icon-plus']
02:02:41.671 [main] INFO  utils.Log - called method <Click()> on element :<i class="klbth-icon-plus"></i>
