02:31:59.063 [main] INFO  utils.Log - Called method <waitForElementToBeClickable> on element with locator :By.linkText: My account
02:31:59.222 [main] INFO  utils.Log - called method <Click()> on element :<a href="https://keyfood.ro/my-account-2/">My account</a>
02:32:00.330 [main] INFO  utils.Log - Called method <waitForElementToBeVisible> on element with locator :By.id: username
02:32:00.392 [main] INFO  utils.Log - called clear on method<sendKeys> on element <input type="text" class="woocommerce-Input woocommerce-Input--text input-text" name="username" id="username" autocomplete="username" value="">
02:32:00.438 [main] INFO  utils.Log - called sendKeys on method<sendKeys> on element <input type="text" class="woocommerce-Input woocommerce-Input--text input-text" name="username" id="username" autocomplete="username" value="">
02:32:00.496 [main] INFO  utils.Log - Called method <waitForElementToBeVisible> on element with locator :By.id: password
02:32:00.546 [main] INFO  utils.Log - called clear on method<sendKeys> on element <input class="woocommerce-Input woocommerce-Input--text input-text" type="password" name="password" id="password" autocomplete="current-password">
02:32:00.590 [main] INFO  utils.Log - called sendKeys on method<sendKeys> on element <input class="woocommerce-Input woocommerce-Input--text input-text" type="password" name="password" id="password" autocomplete="current-password">
02:32:00.644 [main] INFO  utils.Log - Called method <waitForElementToBeClickable> on element with locator :By.cssSelector: button[name='login']
02:32:00.698 [main] INFO  utils.Log - called method <Click()> on element :<button type="submit" class="woocommerce-button button woocommerce-form-login__submit" name="login" value="Log in">Log in</button>
02:32:02.121 [main] INFO  utils.Log - Called method <waitForElementToBeVisible> on element with locator :By.id: dgwt-wcas-search-input-1
02:32:02.173 [main] INFO  utils.Log - called clear on method<sendKeys> on element <input id="dgwt-wcas-search-input-1" type="search" class="dgwt-wcas-search-input" name="s" value="" placeholder="Search for products..." autocomplete="off">
02:32:02.218 [main] INFO  utils.Log - called sendKeys on method<sendKeys> on element <input id="dgwt-wcas-search-input-1" type="search" class="dgwt-wcas-search-input" name="s" value="" placeholder="Search for products..." autocomplete="off">
02:32:02.290 [main] INFO  utils.Log - calling method <sendEnter>
02:32:03.425 [main] INFO  utils.Log - Called method <waitForElementToBeClickable> on element with locator :By.cssSelector: button[name='add-to-cart']
02:32:03.491 [main] INFO  utils.Log - called method <Click()> on element :<button type="submit" name="add-to-cart" value="270" class="single_add_to_cart_button button alt">Add to cart</button>
02:32:04.141 [main] INFO  utils.Log - Called method <waitForElementToBeClickable> on element with locator :By.linkText: CART
02:32:04.238 [main] INFO  utils.Log - called method <Click()> on element :<a href="https://keyfood.ro/cart-2/">Cart</a>
02:32:04.738 [main] INFO  utils.Log - Called method <waitForElementToBeClickable> on element with locator :By.xpath: //i[@class='klbth-icon-plus']
02:32:04.800 [main] INFO  utils.Log - called method <Click()> on element :<i class="klbth-icon-plus"></i>
